0 info it worked if it ends with ok
1 verbose cli [ 'C:\\Program Files\\nodejs\\\\node.exe',
1 verbose cli   'C:\\Program Files\\nodejs\\node_modules\\npm\\bin\\npm-cli.js',
1 verbose cli   'install',
1 verbose cli   'ejg' ]
2 info using npm@1.3.11
3 info using node@v0.10.20
4 verbose node symlink C:\Program Files\nodejs\\node.exe
5 verbose cache add [ 'ejg', null ]
6 verbose cache add name=undefined spec="ejg" args=["ejg",null]
7 verbose parsed url { protocol: null,
7 verbose parsed url   slashes: null,
7 verbose parsed url   auth: null,
7 verbose parsed url   host: null,
7 verbose parsed url   port: null,
7 verbose parsed url   hostname: null,
7 verbose parsed url   hash: null,
7 verbose parsed url   search: null,
7 verbose parsed url   query: null,
7 verbose parsed url   pathname: 'ejg',
7 verbose parsed url   path: 'ejg',
7 verbose parsed url   href: 'ejg' }
8 silly lockFile 4c26ae7d-ejg ejg
9 verbose lock ejg C:\Users\bli111\AppData\Roaming\npm-cache\4c26ae7d-ejg.lock
10 silly lockFile 4c26ae7d-ejg ejg
11 silly lockFile 4c26ae7d-ejg ejg
12 verbose addNamed [ 'ejg', '' ]
13 verbose addNamed [ null, '*' ]
14 silly lockFile 4147d3e2-ejg ejg@
15 verbose lock ejg@ C:\Users\bli111\AppData\Roaming\npm-cache\4147d3e2-ejg.lock
16 silly addNameRange { name: 'ejg', range: '*', hasData: false }
17 verbose url raw ejg
18 verbose url resolving [ 'https://registry.npmjs.org/', './ejg' ]
19 verbose url resolved https://registry.npmjs.org/ejg
20 info trying registry request attempt 1 at 18:36:05
21 http GET https://registry.npmjs.org/ejg
22 http 404 https://registry.npmjs.org/ejg
23 silly registry.get cb [ 404,
23 silly registry.get   { date: 'Wed, 30 Jul 2014 10:36:07 GMT',
23 silly registry.get     server: 'CouchDB/1.5.0 (Erlang OTP/R16B03)',
23 silly registry.get     'content-type': 'application/json',
23 silly registry.get     'cache-control': 'max-age=0',
23 silly registry.get     'content-length': '52',
23 silly registry.get     'accept-ranges': 'bytes',
23 silly registry.get     via: '1.1 varnish',
23 silly registry.get     age: '0',
23 silly registry.get     'x-served-by': 'cache-jfk1032-JFK',
23 silly registry.get     'x-cache': 'MISS',
23 silly registry.get     'x-cache-hits': '0',
23 silly registry.get     'x-timer': 'S1406716567.284046,VS0,VE350',
23 silly registry.get     'keep-alive': 'timeout=10, max=50',
23 silly registry.get     connection: 'Keep-Alive' } ]
24 silly lockFile 4147d3e2-ejg ejg@
25 silly lockFile 4147d3e2-ejg ejg@
26 error 404 'ejg' is not in the npm registry.
26 error 404 You should bug the author to publish it
26 error 404
26 error 404 Note that you can also install from a
26 error 404 tarball, folder, or http url, or git url.
27 error System Windows_NT 6.1.7601
28 error command "C:\\Program Files\\nodejs\\\\node.exe" "C:\\Program Files\\nodejs\\node_modules\\npm\\bin\\npm-cli.js" "install" "ejg"
29 error cwd E:\src\Demo
30 error node -v v0.10.20
31 error npm -v 1.3.11
32 error code E404
33 verbose exit [ 1, true ]
